
R version 3.6.0 (2019-04-26) -- "Planting of a Tree"
Copyright (C) 2019 The R Foundation for Statistical Computing
Platform: x86_64-pc-linux-gnu (64-bit)

R is free software and comes with ABSOLUTELY NO WARRANTY.
You are welcome to redistribute it under certain conditions.
Type 'license()' or 'licence()' for distribution details.

  Natural language support but running in an English locale

R is a collaborative project with many contributors.
Type 'contributors()' for more information and
'citation()' on how to cite R or R packages in publications.

Type 'demo()' for some demos, 'help()' for on-line help, or
'help.start()' for an HTML browser interface to help.
Type 'q()' to quit R.

[Previously saved workspace restored]

> # Code to be called on batch mode:
> # R CMD BATCH '--args 1' run_batch.R
> # the argument is the index for the dataset
> library(tidyverse)
── Attaching packages ─────────────────────────────────────── tidyverse 1.3.0 ──
✔ ggplot2 3.3.2     ✔ purrr   0.3.4
✔ tibble  3.0.3     ✔ dplyr   1.0.2
✔ tidyr   1.1.0     ✔ stringr 1.4.0
✔ readr   1.3.1     ✔ forcats 0.5.0
── Conflicts ────────────────────────────────────────── tidyverse_conflicts() ──
✖ dplyr::filter() masks stats::filter()
✖ dplyr::lag()    masks stats::lag()
> # clear workspace and load data
> args <- commandArgs(TRUE)
> print(args)
[1] "736"
> repindex <- as.numeric(args[1])
> print(repindex)
[1] 736
> source('../../utils/models/run_all_models.R')
> 
> # define the dataset name
> root_fully_observed = 'fully_observed/fully_observed_'
> root_MCAR_30 = 'MCAR_30/MCAR_30_'
> root_MCAR_45 = 'MCAR_45/MCAR_45_'
> root_MAR_30 = 'MAR_30/MAR_30_'
> root_MAR_45 = 'MAR_45/MAR_45_'
> 
> # define simulation hyper parameter
> n_imputations = 50
> max_nway = 3
> 
> if (repindex <= 500) {
+   # repindex 1 - 500: MCAR_30 dataset
+   i = repindex
+   data_name = paste(root_fully_observed, i, sep='')
+   missing_data_name = paste(root_MCAR_30, i, sep = '')
+ }else if (repindex <= 1000) {
+   # repindex 501-1000: MCAR_45 dataset
+   i = repindex - 500
+   data_name = paste(root_fully_observed, i, sep='')
+   missing_data_name = paste(root_MCAR_45, i, sep = '')
+ }else if (repindex <= 1500) {
+   # repindex 1001-1500: MAR_30 dataset
+   i = repindex - 1000
+   data_name = paste(root_fully_observed, i, sep='')
+   missing_data_name = paste(root_MAR_30, i, sep = '')
+ }else if (repindex <= 2000) {
+   # repindex 1500-2000: MAR_45 dataset
+   i = repindex - 1500
+   data_name = paste(root_fully_observed, i, sep='')
+   missing_data_name = paste(root_MAR_45, i, sep = '')
+ }
> cat(paste('>> start running:', data_name, missing_data_name))
>> start running: fully_observed/fully_observed_236 MCAR_45/MCAR_45_236> run_all_models(data_name, missing_data_name, n_imputations, max_nway)

Attaching package: ‘mice’

The following objects are masked from ‘package:base’:

    cbind, rbind

Loading required package: randomForest
randomForest 4.6-14
Type rfNews() to see new features/changes/bug fixes.

Attaching package: ‘randomForest’

The following object is masked from ‘package:dplyr’:

    combine

The following object is masked from ‘package:ggplot2’:

    margin

Loading required package: foreach

Attaching package: ‘foreach’

The following objects are masked from ‘package:purrr’:

    accumulate, when

Loading required package: itertools
Loading required package: iterators
Loading required package: Rcpp

Attaching package: ‘matrixStats’

The following object is masked from ‘package:itertools’:

    product

The following object is masked from ‘package:dplyr’:

    count

Loading required package: coda
Loading required package: MASS

Attaching package: ‘MASS’

The following object is masked from ‘package:dplyr’:

    select

##
## Markov Chain Monte Carlo Package (MCMCpack)
## Copyright (C) 2003-2020 Andrew D. Martin, Kevin M. Quinn, and Jong Hee Park
##
## Support provided by the U.S. National Science Foundation
## (Grants SES-0350646 and SES-0350613)
##
Parsed with column specification:
cols(
  VEH = col_double(),
  MV = col_double(),
  NP = col_double(),
  RMSP = col_double(),
  ENG = col_double(),
  MARHT = col_double(),
  SCHL = col_double(),
  RACNUM = col_double(),
  AGEP = col_double(),
  WKL = col_double(),
  PINCP = col_double()
)
>> complete loading data 2020-11-16 19:05:27 
>> complete MICE imputation on MCAR_45/MCAR_45_236 2020-11-16 20:16:11 
[1] "MICE 50"
[1] "factor"
[1] "ordered" "factor" 
>> complete MICE_NOM imputation on MCAR_45/MCAR_45_236 2020-11-17 03:04:15 
[1] "MICE_NOM 50"
>> complete CART imputation on MCAR_45/MCAR_45_236 2020-11-17 05:03:56 
[1] "CART 50"
  missForest iteration 1 in progress...done!
  missForest iteration 2 in progress...done!
  missForest iteration 3 in progress...done!
  missForest iteration 4 in progress...done!
  missForest iteration 5 in progress...done!
  missForest iteration 6 in progress...done!
  missForest iteration 7 in progress...done!
  missForest iteration 8 in progress...done!
  missForest iteration 9 in progress...done!
  missForest iteration 10 in progress...done!
  missForest iteration 1 in progress...done!
  missForest iteration 2 in progress...done!
  missForest iteration 3 in progress...done!
  missForest iteration 4 in progress...done!
  missForest iteration 5 in progress...done!
  missForest iteration 6 in progress...done!
  missForest iteration 7 in progress...done!
  missForest iteration 8 in progress...done!
  missForest iteration 9 in progress...done!
  missForest iteration 10 in progress...done!
  missForest iteration 1 in progress...done!
  missForest iteration 2 in progress...done!
  missForest iteration 3 in progress...done!
  missForest iteration 4 in progress...done!
  missForest iteration 5 in progress...done!
  missForest iteration 6 in progress...done!
  missForest iteration 7 in progress...done!
  missForest iteration 8 in progress...done!
  missForest iteration 9 in progress...done!
  missForest iteration 10 in progress...done!
  missForest iteration 1 in progress...done!
  missForest iteration 2 in progress...done!
  missForest iteration 3 in progress...done!
  missForest iteration 4 in progress...done!
  missForest iteration 5 in progress...done!
  missForest iteration 6 in progress...done!
  missForest iteration 7 in progress...done!
  missForest iteration 8 in progress...done!
  missForest iteration 1 in progress...done!
  missForest iteration 2 in progress...done!
  missForest iteration 3 in progress...done!
  missForest iteration 4 in progress...done!
  missForest iteration 5 in progress...done!
  missForest iteration 6 in progress...done!
  missForest iteration 7 in progress...done!
  missForest iteration 8 in progress...done!
  missForest iteration 9 in progress...done!
  missForest iteration 10 in progress...done!
  missForest iteration 1 in progress...done!
  missForest iteration 2 in progress...done!
  missForest iteration 3 in progress...done!
  missForest iteration 4 in progress...done!
  missForest iteration 5 in progress...done!
  missForest iteration 6 in progress...done!
  missForest iteration 7 in progress...done!
  missForest iteration 8 in progress...done!
  missForest iteration 9 in progress...done!
  missForest iteration 10 in progress...done!
  missForest iteration 1 in progress...done!
  missForest iteration 2 in progress...done!
  missForest iteration 3 in progress...done!
  missForest iteration 4 in progress...done!
  missForest iteration 5 in progress...done!
  missForest iteration 6 in progress...done!
  missForest iteration 7 in progress...done!
  missForest iteration 8 in progress...done!
  missForest iteration 9 in progress...done!
  missForest iteration 10 in progress...done!
  missForest iteration 1 in progress...done!
  missForest iteration 2 in progress...done!
  missForest iteration 3 in progress...done!
  missForest iteration 4 in progress...done!
  missForest iteration 5 in progress...done!
  missForest iteration 6 in progress...done!
  missForest iteration 7 in progress...done!
  missForest iteration 8 in progress...done!
  missForest iteration 9 in progress...done!
  missForest iteration 10 in progress...done!
  missForest iteration 1 in progress...done!
  missForest iteration 2 in progress...done!
  missForest iteration 3 in progress...done!
  missForest iteration 4 in progress...done!
  missForest iteration 5 in progress...done!
  missForest iteration 6 in progress...done!
  missForest iteration 7 in progress...done!
  missForest iteration 8 in progress...done!
  missForest iteration 9 in progress...done!
  missForest iteration 1 in progress...done!
  missForest iteration 2 in progress...done!
  missForest iteration 3 in progress...done!
  missForest iteration 4 in progress...done!
  missForest iteration 5 in progress...done!
  missForest iteration 6 in progress...done!
  missForest iteration 7 in progress...done!
  missForest iteration 8 in progress...done!
  missForest iteration 9 in progress...done!
  missForest iteration 10 in progress...done!
  missForest iteration 1 in progress...done!
  missForest iteration 2 in progress...done!
  missForest iteration 3 in progress...done!
  missForest iteration 4 in progress...done!
  missForest iteration 5 in progress...done!
  missForest iteration 6 in progress...done!
  missForest iteration 7 in progress...done!
  missForest iteration 8 in progress...done!
  missForest iteration 9 in progress...done!
  missForest iteration 10 in progress...done!
  missForest iteration 1 in progress...done!
  missForest iteration 2 in progress...done!
  missForest iteration 3 in progress...done!
  missForest iteration 4 in progress...done!
  missForest iteration 5 in progress...done!
  missForest iteration 6 in progress...done!
  missForest iteration 7 in progress...done!
  missForest iteration 8 in progress...done!
  missForest iteration 9 in progress...done!
  missForest iteration 1 in progress...done!
  missForest iteration 2 in progress...done!
  missForest iteration 3 in progress...done!
  missForest iteration 4 in progress...done!
  missForest iteration 5 in progress...done!
  missForest iteration 6 in progress...done!
  missForest iteration 7 in progress...done!
  missForest iteration 8 in progress...done!
  missForest iteration 9 in progress...done!
  missForest iteration 10 in progress...done!
  missForest iteration 1 in progress...done!
  missForest iteration 2 in progress...done!
  missForest iteration 3 in progress...done!
  missForest iteration 4 in progress...done!
  missForest iteration 5 in progress...done!
  missForest iteration 6 in progress...done!
  missForest iteration 7 in progress...done!
  missForest iteration 8 in progress...done!
  missForest iteration 9 in progress...done!
  missForest iteration 10 in progress...done!
  missForest iteration 1 in progress...done!
  missForest iteration 2 in progress...done!
  missForest iteration 3 in progress...done!
  missForest iteration 4 in progress...done!
  missForest iteration 5 in progress...done!
  missForest iteration 6 in progress...done!
  missForest iteration 7 in progress...done!
  missForest iteration 8 in progress...done!
  missForest iteration 9 in progress...done!
  missForest iteration 10 in progress...done!
  missForest iteration 1 in progress...done!
  missForest iteration 2 in progress...done!
  missForest iteration 3 in progress...done!
  missForest iteration 4 in progress...done!
  missForest iteration 5 in progress...done!
  missForest iteration 6 in progress...done!
  missForest iteration 7 in progress...done!
  missForest iteration 8 in progress...done!
  missForest iteration 9 in progress...done!
  missForest iteration 1 in progress...done!
  missForest iteration 2 in progress...done!
  missForest iteration 3 in progress...done!
  missForest iteration 4 in progress...done!
  missForest iteration 5 in progress...done!
  missForest iteration 6 in progress...done!
  missForest iteration 7 in progress...done!
  missForest iteration 1 in progress...done!
  missForest iteration 2 in progress...done!
  missForest iteration 3 in progress...done!
  missForest iteration 4 in progress...done!
  missForest iteration 5 in progress...done!
  missForest iteration 6 in progress...done!
  missForest iteration 7 in progress...done!
  missForest iteration 8 in progress...done!
  missForest iteration 9 in progress...done!
  missForest iteration 10 in progress...done!
  missForest iteration 1 in progress...done!
  missForest iteration 2 in progress...done!
  missForest iteration 3 in progress...done!
  missForest iteration 4 in progress...done!
  missForest iteration 5 in progress...done!
  missForest iteration 6 in progress...done!
  missForest iteration 7 in progress...done!
  missForest iteration 8 in progress...done!
  missForest iteration 9 in progress...done!
  missForest iteration 10 in progress...done!
  missForest iteration 1 in progress...done!
  missForest iteration 2 in progress...done!
  missForest iteration 3 in progress...done!
  missForest iteration 4 in progress...done!
  missForest iteration 5 in progress...done!
  missForest iteration 6 in progress...done!
  missForest iteration 7 in progress...done!
  missForest iteration 8 in progress...done!
  missForest iteration 9 in progress...done!
  missForest iteration 10 in progress...done!
  missForest iteration 1 in progress...done!
  missForest iteration 2 in progress...done!
  missForest iteration 3 in progress...done!
  missForest iteration 4 in progress...done!
  missForest iteration 5 in progress...done!
  missForest iteration 6 in progress...done!
  missForest iteration 7 in progress...done!
  missForest iteration 8 in progress...done!
  missForest iteration 9 in progress...done!
  missForest iteration 10 in progress...done!
  missForest iteration 1 in progress...done!
  missForest iteration 2 in progress...done!
  missForest iteration 3 in progress...done!
  missForest iteration 4 in progress...done!
  missForest iteration 5 in progress...done!
  missForest iteration 6 in progress...done!
  missForest iteration 7 in progress...done!
  missForest iteration 8 in progress...done!
  missForest iteration 9 in progress...done!
  missForest iteration 10 in progress...done!
  missForest iteration 1 in progress...done!
  missForest iteration 2 in progress...done!
  missForest iteration 3 in progress...done!
  missForest iteration 4 in progress...done!
  missForest iteration 5 in progress...done!
  missForest iteration 6 in progress...done!
  missForest iteration 7 in progress...done!
  missForest iteration 8 in progress...done!
  missForest iteration 9 in progress...done!
  missForest iteration 10 in progress...done!
  missForest iteration 1 in progress...done!
  missForest iteration 2 in progress...done!
  missForest iteration 3 in progress...done!
  missForest iteration 4 in progress...done!
  missForest iteration 5 in progress...done!
  missForest iteration 6 in progress...done!
  missForest iteration 7 in progress...done!
  missForest iteration 8 in progress...done!
  missForest iteration 9 in progress...done!
  missForest iteration 10 in progress...done!
  missForest iteration 1 in progress...done!
  missForest iteration 2 in progress...done!
  missForest iteration 3 in progress...done!
  missForest iteration 4 in progress...done!
  missForest iteration 5 in progress...done!
  missForest iteration 6 in progress...done!
  missForest iteration 7 in progress...done!
  missForest iteration 8 in progress...done!
  missForest iteration 1 in progress...done!
  missForest iteration 2 in progress...done!
  missForest iteration 3 in progress...done!
  missForest iteration 4 in progress...done!
  missForest iteration 5 in progress...done!
  missForest iteration 6 in progress...done!
  missForest iteration 7 in progress...done!
  missForest iteration 8 in progress...done!
  missForest iteration 9 in progress...done!
  missForest iteration 10 in progress...done!
  missForest iteration 1 in progress...done!
  missForest iteration 2 in progress...done!
  missForest iteration 3 in progress...done!
  missForest iteration 4 in progress...done!
  missForest iteration 5 in progress...done!
  missForest iteration 6 in progress...done!
  missForest iteration 7 in progress...done!
  missForest iteration 1 in progress...done!
  missForest iteration 2 in progress...done!
  missForest iteration 3 in progress...done!
  missForest iteration 4 in progress...done!
  missForest iteration 5 in progress...done!
  missForest iteration 6 in progress...done!
  missForest iteration 7 in progress...done!
  missForest iteration 8 in progress...done!
  missForest iteration 9 in progress...done!
  missForest iteration 10 in progress...done!
  missForest iteration 1 in progress...done!
  missForest iteration 2 in progress...done!
  missForest iteration 3 in progress...done!
  missForest iteration 4 in progress...done!
  missForest iteration 5 in progress...done!
  missForest iteration 6 in progress...done!
  missForest iteration 7 in progress...done!
  missForest iteration 8 in progress...done!
  missForest iteration 9 in progress...done!
  missForest iteration 10 in progress...done!
  missForest iteration 1 in progress...done!
  missForest iteration 2 in progress...done!
  missForest iteration 3 in progress...done!
  missForest iteration 4 in progress...done!
  missForest iteration 5 in progress...done!
  missForest iteration 6 in progress...done!
  missForest iteration 7 in progress...done!
  missForest iteration 8 in progress...done!
  missForest iteration 9 in progress...done!
  missForest iteration 10 in progress...done!
  missForest iteration 1 in progress...done!
  missForest iteration 2 in progress...done!
  missForest iteration 3 in progress...done!
  missForest iteration 4 in progress...done!
  missForest iteration 5 in progress...done!
  missForest iteration 6 in progress...done!
  missForest iteration 7 in progress...done!
  missForest iteration 8 in progress...done!
  missForest iteration 9 in progress...done!
  missForest iteration 10 in progress...done!
  missForest iteration 1 in progress...done!
  missForest iteration 2 in progress...done!
  missForest iteration 3 in progress...done!
  missForest iteration 4 in progress...done!
  missForest iteration 5 in progress...done!
  missForest iteration 6 in progress...done!
  missForest iteration 7 in progress...done!
  missForest iteration 8 in progress...done!
  missForest iteration 9 in progress...done!
  missForest iteration 10 in progress...done!
  missForest iteration 1 in progress...done!
  missForest iteration 2 in progress...done!
  missForest iteration 3 in progress...done!
  missForest iteration 4 in progress...done!
  missForest iteration 5 in progress...done!
  missForest iteration 6 in progress...done!
  missForest iteration 7 in progress...done!
  missForest iteration 8 in progress...done!
  missForest iteration 9 in progress...done!
  missForest iteration 10 in progress...done!
  missForest iteration 1 in progress...done!
  missForest iteration 2 in progress...done!
  missForest iteration 3 in progress...done!
  missForest iteration 4 in progress...done!
  missForest iteration 5 in progress...done!
  missForest iteration 6 in progress...done!
  missForest iteration 7 in progress...done!
  missForest iteration 8 in progress...done!
  missForest iteration 1 in progress...done!
  missForest iteration 2 in progress...done!
  missForest iteration 3 in progress...done!
  missForest iteration 4 in progress...done!
  missForest iteration 5 in progress...done!
  missForest iteration 6 in progress...done!
  missForest iteration 7 in progress...done!
  missForest iteration 8 in progress...done!
  missForest iteration 9 in progress...done!
  missForest iteration 1 in progress...done!
  missForest iteration 2 in progress...done!
  missForest iteration 3 in progress...done!
  missForest iteration 4 in progress...done!
  missForest iteration 5 in progress...done!
  missForest iteration 6 in progress...done!
  missForest iteration 7 in progress...done!
  missForest iteration 8 in progress...done!
  missForest iteration 9 in progress...done!
  missForest iteration 10 in progress...done!
  missForest iteration 1 in progress...done!
  missForest iteration 2 in progress...done!
  missForest iteration 3 in progress...done!
  missForest iteration 4 in progress...done!
  missForest iteration 5 in progress...done!
  missForest iteration 6 in progress...done!
  missForest iteration 7 in progress...done!
  missForest iteration 8 in progress...done!
  missForest iteration 9 in progress...done!
  missForest iteration 10 in progress...done!
  missForest iteration 1 in progress...done!
  missForest iteration 2 in progress...done!
  missForest iteration 3 in progress...done!
  missForest iteration 4 in progress...done!
  missForest iteration 5 in progress...done!
  missForest iteration 6 in progress...done!
  missForest iteration 7 in progress...done!
  missForest iteration 8 in progress...done!
  missForest iteration 9 in progress...done!
  missForest iteration 10 in progress...done!
  missForest iteration 1 in progress...done!
  missForest iteration 2 in progress...done!
  missForest iteration 3 in progress...done!
  missForest iteration 4 in progress...done!
  missForest iteration 5 in progress...done!
  missForest iteration 6 in progress...done!
  missForest iteration 7 in progress...done!
  missForest iteration 8 in progress...done!
  missForest iteration 9 in progress...done!
  missForest iteration 10 in progress...done!
  missForest iteration 1 in progress...done!
  missForest iteration 2 in progress...done!
  missForest iteration 3 in progress...done!
  missForest iteration 4 in progress...done!
  missForest iteration 5 in progress...done!
  missForest iteration 6 in progress...done!
  missForest iteration 7 in progress...done!
  missForest iteration 8 in progress...done!
  missForest iteration 9 in progress...done!
  missForest iteration 10 in progress...done!
  missForest iteration 1 in progress...done!
  missForest iteration 2 in progress...done!
  missForest iteration 3 in progress...done!
  missForest iteration 4 in progress...done!
  missForest iteration 5 in progress...done!
  missForest iteration 6 in progress...done!
  missForest iteration 7 in progress...done!
  missForest iteration 8 in progress...done!
  missForest iteration 9 in progress...done!
  missForest iteration 10 in progress...done!
  missForest iteration 1 in progress...done!
  missForest iteration 2 in progress...done!
  missForest iteration 3 in progress...done!
  missForest iteration 4 in progress...done!
  missForest iteration 5 in progress...done!
  missForest iteration 6 in progress...done!
  missForest iteration 7 in progress...done!
  missForest iteration 8 in progress...done!
  missForest iteration 9 in progress...done!
  missForest iteration 10 in progress...done!
  missForest iteration 1 in progress...done!
  missForest iteration 2 in progress...done!
  missForest iteration 3 in progress...done!
  missForest iteration 4 in progress...done!
  missForest iteration 5 in progress...done!
  missForest iteration 6 in progress...done!
  missForest iteration 7 in progress...done!
  missForest iteration 8 in progress...done!
  missForest iteration 1 in progress...done!
  missForest iteration 2 in progress...done!
  missForest iteration 3 in progress...done!
  missForest iteration 4 in progress...done!
  missForest iteration 5 in progress...done!
  missForest iteration 6 in progress...done!
  missForest iteration 7 in progress...done!
  missForest iteration 8 in progress...done!
  missForest iteration 1 in progress...done!
  missForest iteration 2 in progress...done!
  missForest iteration 3 in progress...done!
  missForest iteration 4 in progress...done!
  missForest iteration 5 in progress...done!
  missForest iteration 6 in progress...done!
  missForest iteration 7 in progress...done!
  missForest iteration 8 in progress...done!
  missForest iteration 9 in progress...done!
  missForest iteration 10 in progress...done!
  missForest iteration 1 in progress...done!
  missForest iteration 2 in progress...done!
  missForest iteration 3 in progress...done!
  missForest iteration 4 in progress...done!
  missForest iteration 5 in progress...done!
  missForest iteration 6 in progress...done!
  missForest iteration 7 in progress...done!
  missForest iteration 8 in progress...done!
  missForest iteration 9 in progress...done!
  missForest iteration 10 in progress...done!
  missForest iteration 1 in progress...done!
  missForest iteration 2 in progress...done!
  missForest iteration 3 in progress...done!
  missForest iteration 4 in progress...done!
  missForest iteration 5 in progress...done!
  missForest iteration 6 in progress...done!
  missForest iteration 7 in progress...done!
  missForest iteration 8 in progress...done!
  missForest iteration 9 in progress...done!
  missForest iteration 1 in progress...done!
  missForest iteration 2 in progress...done!
  missForest iteration 3 in progress...done!
  missForest iteration 4 in progress...done!
  missForest iteration 5 in progress...done!
  missForest iteration 6 in progress...done!
  missForest iteration 7 in progress...done!
  missForest iteration 8 in progress...done!
  missForest iteration 9 in progress...done!
  missForest iteration 1 in progress...done!
  missForest iteration 2 in progress...done!
  missForest iteration 3 in progress...done!
  missForest iteration 4 in progress...done!
  missForest iteration 5 in progress...done!
  missForest iteration 6 in progress...done!
  missForest iteration 7 in progress...done!
  missForest iteration 8 in progress...done!
  missForest iteration 9 in progress...done!
  missForest iteration 10 in progress...done!
  missForest iteration 1 in progress...done!
  missForest iteration 2 in progress...done!
  missForest iteration 3 in progress...done!
  missForest iteration 4 in progress...done!
  missForest iteration 5 in progress...done!
  missForest iteration 6 in progress...done!
  missForest iteration 7 in progress...done!
  missForest iteration 8 in progress...done!
  missForest iteration 9 in progress...done!
  missForest iteration 10 in progress...done!
>> complete FOREST imputation on MCAR_45/MCAR_45_236 2020-11-17 06:00:01 
[1] "FOREST 50"
Warning messages:
1: Number of logged events: 1042 
2: Number of logged events: 1062 
3: Number of logged events: 1154 
> 
> proc.time()
     user    system   elapsed 
39166.188   102.731 39280.090 
